app/build/intermediates/manifest_merge_blame_file/release/manifest-merger-blame-release-report.txt
1<?xml version="1.0" encoding="utf-8"?>
2<manifest xmlns:android="http://schemas.android.com/apk/res/android"
3    package="otang.crashreport.sample"
4    android:versionCode="1"
5    android:versionName="1.0" >
6
7    <uses-sdk
8        android:minSdkVersion="26"
8-->src/main/AndroidManifest.xml
9        android:targetSdkVersion="32" />
9-->src/main/AndroidManifest.xml
10
11    <application
11-->src/main/AndroidManifest.xml:5:5-23:19
12        android:allowBackup="true"
12-->src/main/AndroidManifest.xml:6:9-35
13        android:appComponentFactory="androidx.core.app.CoreComponentFactory"
13-->[androidx.core:core:1.7.0] AndroidManifest.xml:24:18-86
14        android:extractNativeLibs="false"
15        android:icon="@mipmap/ic_launcher"
15-->src/main/AndroidManifest.xml:7:9-43
16        android:label="@string/app_name"
16-->src/main/AndroidManifest.xml:8:9-41
17        android:roundIcon="@mipmap/ic_launcher_round"
17-->src/main/AndroidManifest.xml:9:9-54
18        android:supportsRtl="true"
18-->src/main/AndroidManifest.xml:10:9-35
19        android:theme="@style/Theme.Application" >
19-->src/main/AndroidManifest.xml:11:9-49
20        <activity
20-->src/main/AndroidManifest.xml:12:9-22:20
21            android:name="otang.crashreport.sample.MainActivity"
21-->src/main/AndroidManifest.xml:13:13-41
22            android:exported="true"
22-->src/main/AndroidManifest.xml:14:13-36
23            android:label="@string/app_name"
23-->src/main/AndroidManifest.xml:15:13-45
24            android:theme="@style/Theme.Application.NoActionBar" >
24-->src/main/AndroidManifest.xml:16:13-65
25            <intent-filter>
25-->src/main/AndroidManifest.xml:17:13-21:29
26                <action android:name="android.intent.action.MAIN" />
26-->src/main/AndroidManifest.xml:18:17-69
26-->src/main/AndroidManifest.xml:18:25-66
27
28                <category android:name="android.intent.category.LAUNCHER" />
28-->src/main/AndroidManifest.xml:20:17-77
28-->src/main/AndroidManifest.xml:20:27-74
29            </intent-filter>
30        </activity>
31        <activity
31-->[:crashreport] AndroidManifest.xml:10:9-13:49
32            android:name="otang.crashreport.activity.DefaultErrorActivity"
32-->[:crashreport] AndroidManifest.xml:11:13-75
33            android:exported="true"
33-->[:crashreport] AndroidManifest.xml:12:13-36
34            android:process=":error_activity" />
34-->[:crashreport] AndroidManifest.xml:13:13-46
35
36        <provider
36-->[:crashreport] AndroidManifest.xml:15:9-19:39
37            android:name="otang.crashreport.provider.CrashInitProvider"
37-->[:crashreport] AndroidManifest.xml:16:13-72
38            android:authorities="otang.crashreport.crashinitprovider"
38-->[:crashreport] AndroidManifest.xml:17:13-70
39            android:exported="true"
39-->[:crashreport] AndroidManifest.xml:18:13-36
40            android:initOrder="101" />
40-->[:crashreport] AndroidManifest.xml:19:13-36
41        <provider
41-->[androidx.emoji2:emoji2:1.0.0] AndroidManifest.xml:26:9-34:20
42            android:name="androidx.startup.InitializationProvider"
42-->[androidx.emoji2:emoji2:1.0.0] AndroidManifest.xml:27:13-67
43            android:authorities="otang.crashreport.sample.androidx-startup"
43-->[androidx.emoji2:emoji2:1.0.0] AndroidManifest.xml:28:13-68
44            android:exported="false" >
44-->[androidx.emoji2:emoji2:1.0.0] AndroidManifest.xml:29:13-37
45            <meta-data
45-->[androidx.emoji2:emoji2:1.0.0] AndroidManifest.xml:31:13-33:52
46                android:name="androidx.emoji2.text.EmojiCompatInitializer"
46-->[androidx.emoji2:emoji2:1.0.0] AndroidManifest.xml:32:17-75
47                android:value="androidx.startup" />
47-->[androidx.emoji2:emoji2:1.0.0] AndroidManifest.xml:33:17-49
48            <meta-data
48-->[androidx.lifecycle:lifecycle-process:2.4.0] AndroidManifest.xml:31:13-33:52
49                android:name="androidx.lifecycle.ProcessLifecycleInitializer"
49-->[androidx.lifecycle:lifecycle-process:2.4.0] AndroidManifest.xml:32:17-78
50                android:value="androidx.startup" />
50-->[androidx.lifecycle:lifecycle-process:2.4.0] AndroidManifest.xml:33:17-49
51        </provider>
52    </application>
53
54</manifest>